<component name="libraryTable">
  <library name="junit" type="repository">
    <properties maven-id="junit:junit:4.0" />
    <ANNOTATIONS>
      <root url="file://$PROJECT_DIR$/.idea/libraries/.m2/repository/junit/junit" />
    </ANNOTATIONS>
    <CLASSES />
    <JAVADOC />
    <SOURCES />
  </library>
</component>